  TheWellStackedPizza.cpp
C:\Users\Dante\Desktop\thewellstackedpizza\LabGrafica\TheWellStackedPizza.cpp(329,24): warning C4244: 'inicializando': conversión de 'double' a 'GLfloat'; posible pérdida de datos
C:\Users\Dante\Desktop\thewellstackedpizza\LabGrafica\TheWellStackedPizza.cpp(556,94): warning C4305: 'argumento': truncamiento de 'double' a 'GLfloat'
C:\Users\Dante\Desktop\thewellstackedpizza\LabGrafica\TheWellStackedPizza.cpp(811,94): warning C4305: 'argumento': truncamiento de 'double' a 'GLfloat'
C:\Users\Dante\Desktop\thewellstackedpizza\LabGrafica\TheWellStackedPizza.cpp(840,94): warning C4305: 'argumento': truncamiento de 'double' a 'GLfloat'
C:\Users\Dante\Desktop\thewellstackedpizza\LabGrafica\TheWellStackedPizza.cpp(849,26): warning C4244: '=': conversión de 'double' a 'float'; posible pérdida de datos
C:\Users\Dante\Desktop\thewellstackedpizza\LabGrafica\TheWellStackedPizza.cpp(1169,11): warning C4244: '=': conversión de 'double' a 'GLfloat'; posible pérdida de datos
C:\Users\Dante\Desktop\thewellstackedpizza\LabGrafica\TheWellStackedPizza.cpp(1170,11): warning C4244: '=': conversión de 'double' a 'GLfloat'; posible pérdida de datos
C:\Users\Dante\Desktop\thewellstackedpizza\LabGrafica\TheWellStackedPizza.cpp(1174,18): warning C4244: 'inicializando': conversión de 'double' a 'GLfloat'; posible pérdida de datos
C:\Users\Dante\Desktop\thewellstackedpizza\LabGrafica\TheWellStackedPizza.cpp(1175,18): warning C4244: 'inicializando': conversión de 'double' a 'GLfloat'; posible pérdida de datos
C:\Users\Dante\Desktop\thewellstackedpizza\LabGrafica\TheWellStackedPizza.cpp(1177,10): warning C4244: '=': conversión de 'double' a 'GLfloat'; posible pérdida de datos
C:\Users\Dante\Desktop\thewellstackedpizza\LabGrafica\TheWellStackedPizza.cpp(1178,10): warning C4244: '=': conversión de 'double' a 'GLfloat'; posible pérdida de datos
soil2-debug.lib(SOIL2.obj) : warning LNK4075: se omite '/EDITANDCONTINUE' debido a la especificación '/OPT:ICF'
LINK : warning LNK4098: la biblioteca predeterminada'MSVCRTD' entra en conflicto con otras bibliotecas; use la biblioteca /NODEFAULTLIB:biblioteca
  Generando código
  660 of 673 functions (98.1%) were compiled, the rest were copied from previous compilation.
    4 functions were new in current compilation
    2 functions had inline decision re-evaluated but remain unchanged
  Generación de código finalizada
soil2-debug.lib(etc1_utils.obj) : warning LNK4099: no se encontró PDB '' con 'soil2-debug.lib(etc1_utils.obj)' o en ''; se vinculará el objeto sin tener en cuenta información de depuración
soil2-debug.lib(image_DXT.obj) : warning LNK4099: no se encontró PDB '' con 'soil2-debug.lib(image_DXT.obj)' o en ''; se vinculará el objeto sin tener en cuenta información de depuración
soil2-debug.lib(image_helper.obj) : warning LNK4099: no se encontró PDB '' con 'soil2-debug.lib(image_helper.obj)' o en ''; se vinculará el objeto sin tener en cuenta información de depuración
soil2-debug.lib(SOIL2.obj) : warning LNK4099: no se encontró PDB '' con 'soil2-debug.lib(SOIL2.obj)' o en ''; se vinculará el objeto sin tener en cuenta información de depuración
  LabGrafica.vcxproj -> C:\Users\Dante\Desktop\thewellstackedpizza\Release\TheWellStackedPizza.exe
